<?xml version="1.0" encoding="UTF-8"?>
<!-- Generated by org.testng.reporters.JUnitReportReporter -->
<testsuite hostname="HIJ-LP320" failures="0" tests="1" name="testcases.LoginFunctionalityWithDataProvider" time="3.582" errors="0" timestamp="2024-12-06T19:25:58 IST" skipped="0">
  <testcase classname="testcases.LoginFunctionalityWithDataProvider" name="validatingLoginWithDifferentUserData" time="3.582"/>
  <system-out/>
</testsuite> <!-- testcases.LoginFunctionalityWithDataProvider -->
