<?xml version="1.0" encoding="UTF-8"?>
<!-- Generated by org.testng.reporters.JUnitReportReporter -->
<testsuite hostname="HIJ-LP320" failures="0" tests="1" name="testcases.LoginFunctionalityWithScreenshot" time="12.573" errors="0" timestamp="2024-12-05T20:33:53 IST" skipped="0">
  <testcase classname="testcases.LoginFunctionalityWithScreenshot" name="validateLoginFunctionalityAndTakingScreenshot" time="12.573"/>
  <system-out/>
</testsuite> <!-- testcases.LoginFunctionalityWithScreenshot -->
