<?xml version="1.0" encoding="UTF-8"?>
<!-- Generated by org.testng.reporters.JUnitReportReporter -->
<testsuite hostname="HIJ-LP320" failures="0" tests="1" name="testcases.LoginFunctionalityWithScreenshot" time="5.919" errors="0" timestamp="2024-12-08T01:41:22 IST" skipped="0">
  <testcase classname="testcases.LoginFunctionalityWithScreenshot" name="validateLoginFunctionalityAndTakingScreenshot" time="5.919"/>
  <system-out/>
</testsuite> <!-- testcases.LoginFunctionalityWithScreenshot -->
