<?xml version="1.0" encoding="UTF-8"?>
<!-- Generated by org.testng.reporters.JUnitReportReporter -->
<testsuite hostname="HIJ-LP320" failures="0" tests="1" name="testcases.loginFunctionality" time="13.382" errors="0" timestamp="2024-12-05T18:08:26 IST" skipped="0">
  <testcase classname="testcases.loginFunctionality" name="validateValidLogin" time="13.382"/>
  <system-out/>
</testsuite> <!-- testcases.loginFunctionality -->
