<?xml version="1.0" encoding="UTF-8"?>
<!-- Generated by org.testng.reporters.JUnitReportReporter -->
<testsuite hostname="HIJ-LP320" failures="0" tests="1" name="testcases.LoginFunctionalityWithExtentReport" time="12.162" errors="0" timestamp="2024-12-05T18:46:17 IST" skipped="0">
  <testcase classname="testcases.LoginFunctionalityWithExtentReport" name="validateLoginFunctionality" time="12.162"/>
  <system-out/>
</testsuite> <!-- testcases.LoginFunctionalityWithExtentReport -->
