<?xml version="1.0" encoding="UTF-8"?>
<!-- Generated by org.testng.reporters.JUnitReportReporter -->
<testsuite hostname="HIJ-LP320" failures="0" tests="1" name="testcases.LoginFunctionalityWithScreenshotInExtentReport" time="11.691" errors="0" timestamp="2024-12-06T16:30:42 IST" skipped="0">
  <testcase classname="testcases.LoginFunctionalityWithScreenshotInExtentReport" name="validateLoginFunctionalityWithScreenshotInExtentReport" time="11.691"/>
  <system-out/>
</testsuite> <!-- testcases.LoginFunctionalityWithScreenshotInExtentReport -->
